<?xml version="1.0" encoding="UTF-8"?>
<testsuite name="TestSuite" time="38.272" tests="7" errors="0" skipped="0" failures="1">
  <properties>
[...]
</properties>
  <testcase name="loginTest" classname="com.bugzilla.testCases.TC_LoginTest_001" time="4.26"/>
  <testcase name="loginDDT" classname="com.bugzilla.testCases.TC_LoginDDT_002" time="6.117"/>
  <testcase name="loginDDT" classname="com.bugzilla.testCases.TC_LoginDDT_002" time="5.841"/>
  <testcase name="loginDDT" classname="com.bugzilla.testCases.TC_LoginDDT_002" time="5.76"/>
  <testcase name="loginDDT" classname="com.bugzilla.testCases.TC_LoginDDT_002" time="5.94"/>
  <testcase name="loginDDT" classname="com.bugzilla.testCases.TC_LoginDDT_002" time="4.832">
    <failure message="expected [true] but found [false]" type="java.lang.AssertionError">java.lang.AssertionError: expected [true] but found [false]
	at org.testng.Assert.fail(Assert.java:96)
	at org.testng.Assert.failNotEquals(Assert.java:776)
	at org.testng.Assert.assertTrue(Assert.java:44)
	at org.testng.Assert.assertTrue(Assert.java:54)
	at com.bugzilla.testCases.TC_LoginDDT_002.loginDDT(TC_LoginDDT_002.java:39)
</failure>
    <system-out><![CDATA[ INFO [main] (TC_LoginDDT_002.java:21)- clicked login button
 INFO [main] (TC_LoginDDT_002.java:24)- user name provided
 INFO [main] (TC_LoginDDT_002.java:26)- password provided
Screenshot taken
]]></system-out>
  </testcase>
  <testcase name="addNewUser" classname="com.bugzilla.testCases.TC_addNewUser_Test_004" time="27.895"/>
</testsuite>