<?xml version="1.0" encoding="UTF-8"?>
<!-- Generated by org.testng.reporters.JUnitXMLReporter -->
<testsuite hostname="STSLP95" ignored="0" name="bugzilla Test" tests="7" failures="1" timestamp="19 Aug 2019 09:22:41 GMT" time="91.018" errors="0">
  <testcase name="loginTest" time="4.235" classname="com.bugzilla.testCases.TC_LoginTest_001"/>
  <testcase name="loginDDT" time="6.114" classname="com.bugzilla.testCases.TC_LoginDDT_002"/>
  <testcase name="loginDDT" time="5.842" classname="com.bugzilla.testCases.TC_LoginDDT_002"/>
  <testcase name="loginDDT" time="5.758" classname="com.bugzilla.testCases.TC_LoginDDT_002"/>
  <testcase name="loginDDT" time="5.938" classname="com.bugzilla.testCases.TC_LoginDDT_002"/>
  <testcase name="loginDDT" time="4.833" classname="com.bugzilla.testCases.TC_LoginDDT_002">
    <failure type="java.lang.AssertionError" message="expected [true] but found [false]">
      <![CDATA[java.lang.AssertionError: expected [true] but found [false]
at com.bugzilla.testCases.TC_LoginDDT_002.loginDDT(TC_LoginDDT_002.java:39)
... Removed 32 stack frames]]>
    </failure>
  </testcase> <!-- loginDDT -->
  <testcase name="addNewUser" time="27.896" classname="com.bugzilla.testCases.TC_addNewUser_Test_004"/>
</testsuite> <!-- bugzilla Test -->
